2026-04-04 16:58:56,631 [INFO] === 台股隔日沖選股系統啟動 ===
2026-04-04 16:58:56,631 [INFO] 設定：漲幅≥7.0%  量比≥2.0  股本 10億~50億  當沖率<60%  TPEX=否
2026-04-04 16:58:59,622 [INFO] TWSE 全市場資料：共 1081 支股票
2026-04-04 16:59:01,607 [INFO] 公司股本 (TWSE)：1080 家
2026-04-04 16:59:05,154 [INFO] 三大法人：共 1216 支
2026-04-04 16:59:07,279 [INFO] 預篩選（漲幅≥5.0%）：24 / 1081 支
2026-04-04 16:59:07,279 [DEBUG] [1/24] 處理 1305 
2026-04-04 16:59:11,290 [DEBUG] [2/24] 處理 1309 
2026-04-04 16:59:15,577 [DEBUG] [3/24] 處理 1323 
2026-04-04 16:59:19,561 [DEBUG] [4/24] 處理 1449 
2026-04-04 16:59:23,680 [DEBUG] [5/24] 處理 2101 
2026-04-04 16:59:27,662 [DEBUG] [6/24] 處理 2364 
2026-04-04 16:59:31,852 [DEBUG] [7/24] 處理 2399 
2026-04-04 16:59:36,017 [DEBUG] [8/24] 處理 2409 
2026-04-04 16:59:39,982 [DEBUG] [9/24] 處理 2426 
2026-04-04 16:59:44,155 [DEBUG] [10/24] 處理 2466 
2026-04-04 16:59:48,704 [DEBUG] [11/24] 處理 2481 
2026-04-04 16:59:52,940 [DEBUG] [12/24] 處理 3037 
2026-04-04 16:59:56,926 [DEBUG] [13/24] 處理 3167 
2026-04-04 17:00:01,095 [DEBUG] [14/24] 處理 3605 
2026-04-04 17:00:07,648 [DEBUG] [15/24] 處理 3714 
2026-04-04 17:00:11,766 [DEBUG] [16/24] 處理 5243 
2026-04-04 17:00:15,836 [DEBUG] [17/24] 處理 6168 
2026-04-04 17:00:19,966 [DEBUG] [18/24] 處理 6405 
2026-04-04 17:00:24,059 [DEBUG] [19/24] 處理 6426 
2026-04-04 17:00:28,158 [DEBUG] [20/24] 處理 6830 
2026-04-04 17:00:32,238 [DEBUG] [21/24] 處理 6909 
2026-04-04 17:00:36,212 [DEBUG] [22/24] 處理 6933 
2026-04-04 17:00:40,189 [DEBUG] [23/24] 處理 7780 
2026-04-04 17:00:44,311 [DEBUG] [24/24] 處理 8039 
2026-04-04 17:00:48,305 [INFO] 最終篩選結果：0 支候選標的
2026-04-04 17:05:16,384 [INFO] === 台股隔日沖選股系統啟動 ===
2026-04-04 17:05:16,385 [INFO] 設定：漲幅≥7.0%  量比≥2.0  股本 10億~50億  當沖率<60%  TPEX=否
2026-04-04 17:05:20,514 [INFO] TWSE 全市場資料：共 1081 支股票
2026-04-04 17:05:20,526 [INFO] 公司股本資料：使用快取（1080 家）
2026-04-04 17:05:23,202 [WARNING] 三大法人資料取得失敗
2026-04-04 17:05:25,378 [INFO] 預篩選（漲幅≥5.0%）：24 / 1081 支
2026-04-04 17:05:26,334 [INFO] 最終篩選結果：0 支候選標的
2026-04-04 17:05:59,960 [INFO] === 台股隔日沖選股系統啟動 ===
2026-04-04 17:05:59,960 [INFO] 設定：漲幅≥5.0%  量比≥1.5  股本 10億~50億  當沖率<60%  TPEX=否
2026-04-04 17:06:02,859 [INFO] TWSE 全市場資料：共 1081 支股票
2026-04-04 17:06:02,861 [INFO] 公司股本資料：使用快取（1080 家）
2026-04-04 17:06:05,991 [INFO] 三大法人：共 1216 支
2026-04-04 17:06:08,109 [INFO] 預篩選（漲幅≥5.0%）：24 / 1081 支
2026-04-04 17:06:08,125 [INFO] 最終篩選結果：0 支候選標的
2026-04-04 17:09:14,293 [INFO] === 台股隔日沖選股系統啟動 ===
2026-04-04 17:09:14,293 [INFO] 設定：漲幅≥7.0%  量比≥2.0  股本 10億~50億  當沖率<60%  TPEX=否
2026-04-04 17:09:17,294 [INFO] TWSE 全市場資料：共 1081 支股票
2026-04-04 17:09:17,294 [INFO] 公司股本資料：使用快取（1080 家）
2026-04-04 17:09:20,833 [INFO] 三大法人：共 1216 支
2026-04-04 17:09:22,987 [INFO] 預篩選（漲幅≥5.0%）：24 / 1081 支
2026-04-04 17:09:23,016 [INFO] 最終篩選結果：0 支候選標的
2026-04-04 17:11:31,014 [INFO] === 台股隔日沖選股系統啟動 ===
2026-04-04 17:11:31,014 [INFO] 設定：漲幅≥7.0%  量比≥2.0  股本 10億~50億  當沖率<60%  TPEX=否
2026-04-04 17:11:33,962 [INFO] TWSE 全市場資料：共 1081 支股票（交易日 2026-04-02）
2026-04-04 17:11:33,962 [INFO] 公司股本資料：使用快取（1080 家）
2026-04-04 17:11:36,451 [WARNING] 三大法人資料取得失敗
2026-04-04 17:11:38,744 [INFO] 預篩選（漲幅≥5.0%）：24 / 1081 支
2026-04-04 17:11:38,776 [INFO] 最終篩選結果：0 支候選標的
2026-04-04 17:11:58,768 [INFO] === 台股隔日沖選股系統啟動 ===
2026-04-04 17:11:58,768 [INFO] 設定：漲幅≥5.0%  量比≥1.0  股本 5億~50億  當沖率<60%  TPEX=否
2026-04-04 17:12:01,677 [INFO] TWSE 全市場資料：共 1081 支股票（交易日 2026-04-02）
2026-04-04 17:12:01,677 [INFO] 公司股本資料：使用快取（1080 家）
2026-04-04 17:12:04,151 [WARNING] 三大法人資料取得失敗
2026-04-04 17:12:06,288 [INFO] 預篩選（漲幅≥5.0%）：24 / 1081 支
2026-04-04 17:12:06,319 [INFO] 最終篩選結果：6 支候選標的
